<?xml version="1.0" encoding="UTF-8"?>
<!-- Generated by org.testng.reporters.JUnitXMLReporter -->
<testsuite ignored="0" hostname="LAPTOP-UDQTPKVV" failures="0" tests="7" name="Default test" time="152.686" errors="0" timestamp="25 May 2020 17:38:55 GMT">
  <testcase classname="tests.BNSExcelDataTest" name="bnspage" time="17.956"/>
  <testcase classname="tests.BNSExcelDataTest" name="bnspage" time="18.522"/>
  <testcase classname="tests.BNSExcelDataTest" name="bnspage" time="19.876"/>
  <testcase classname="tests.BNSExcelDataTest" name="bnspage" time="17.725"/>
  <testcase classname="tests.BNSExcelDataTest" name="bnspage" time="17.806"/>
  <testcase classname="tests.BNSExcelDataTest" name="bnspage" time="15.607"/>
  <testcase classname="tests.BNSExcelDataTest" name="bnspage" time="14.944"/>
</testsuite> <!-- Default test -->
